<?xml version="1.0" encoding="UTF-8"?>
<testsuite name="AirportTest" tests="1" skipped="0" failures="0" errors="0" timestamp="2019-07-04T14:12:11" hostname="hives-laptop" time="0.001">
  <properties/>
  <testcase name="returns 'hello'" classname="AirportTest" time="0.001"/>
  <system-out><![CDATA[]]></system-out>
  <system-err><![CDATA[]]></system-err>
</testsuite>
